e:\bearsampp-development\php_win32ps\php_win32ps\php_win32ps\x64\release\php_win32ps.pch
e:\bearsampp-development\php_win32ps\php_win32ps\php_win32ps\x64\release\vc143.pdb
e:\bearsampp-development\php_win32ps\php_win32ps\php_win32ps\x64\release\php_win32ps.pchast
e:\bearsampp-development\php_win32ps\php_win32ps\php_win32ps\x64\release\pch.nativecodeanalysis.sarif
e:\bearsampp-development\php_win32ps\php_win32ps\php_win32ps\x64\release\pch.nativecodeanalysis.xml
e:\bearsampp-development\php_win32ps\php_win32ps\php_win32ps\x64\release\pch.obj
e:\bearsampp-development\php_win32ps\php_win32ps\php_win32ps\x64\release\php_win32ps.nativecodeanalysis.sarif
e:\bearsampp-development\php_win32ps\php_win32ps\php_win32ps\x64\release\php_win32ps.nativecodeanalysis.xml
e:\bearsampp-development\php_win32ps\php_win32ps\php_win32ps\x64\release\php_win32ps.obj
e:\bearsampp-development\php_win32ps\php_win32ps\php_win32ps\x64\release\dllmain.nativecodeanalysis.sarif
e:\bearsampp-development\php_win32ps\php_win32ps\php_win32ps\x64\release\dllmain.nativecodeanalysis.xml
e:\bearsampp-development\php_win32ps\php_win32ps\php_win32ps\x64\release\dllmain.obj
e:\bearsampp-development\php_win32ps\php_win32ps\x64\release\php_win32ps\php_win32ps.dll
e:\bearsampp-development\php_win32ps\php_win32ps\x64\release\php_win32ps\php_win32ps.pdb
e:\bearsampp-development\php_win32ps\php_win32ps\x64\release\php_win32ps\php_win32ps.dll.lastcodeanalysissucceeded
e:\bearsampp-development\php_win32ps\php_win32ps\php_win32ps\x64\release\nativecodeanalysis.read.1.tlog
e:\bearsampp-development\php_win32ps\php_win32ps\php_win32ps\x64\release\priconfig.xml
e:\bearsampp-development\php_win32ps\php_win32ps\php_win32ps\x64\release\priconfig.xml.intermediate
e:\bearsampp-development\php_win32ps\php_win32ps\php_win32ps\x64\release\unfiltered.layout.resfiles
e:\bearsampp-development\php_win32ps\php_win32ps\php_win32ps\x64\release\unfiltered.layout.resfiles.intermediate
e:\bearsampp-development\php_win32ps\php_win32ps\php_win32ps\x64\release\filtered.layout.resfiles
e:\bearsampp-development\php_win32ps\php_win32ps\php_win32ps\x64\release\filtered.layout.resfiles.intermediate
e:\bearsampp-development\php_win32ps\php_win32ps\php_win32ps\x64\release\excluded.layout.resfiles
e:\bearsampp-development\php_win32ps\php_win32ps\php_win32ps\x64\release\excluded.layout.resfiles.intermediate
e:\bearsampp-development\php_win32ps\php_win32ps\php_win32ps\x64\release\resources.resfiles
e:\bearsampp-development\php_win32ps\php_win32ps\php_win32ps\x64\release\resources.resfiles.intermediate
e:\bearsampp-development\php_win32ps\php_win32ps\php_win32ps\x64\release\pri.resfiles
e:\bearsampp-development\php_win32ps\php_win32ps\php_win32ps\x64\release\pri.resfiles.intermediate
e:\bearsampp-development\php_win32ps\php_win32ps\x64\release\php_win32ps\php_win32ps.pri
e:\bearsampp-development\php_win32ps\php_win32ps\php_win32ps\x64\release\qualifiers.txt
e:\bearsampp-development\php_win32ps\php_win32ps\php_win32ps\x64\release\qualifiers.txt.intermediate
e:\bearsampp-development\php_win32ps\php_win32ps\php_win32ps\x64\release\multiplequalifiersperdimensionfound.txt
e:\bearsampp-development\php_win32ps\php_win32ps\php_win32ps\x64\release\php_win32ps.ipdb
e:\bearsampp-development\php_win32ps\php_win32ps\php_win32ps\x64\release\php_win32ps.iobj
e:\bearsampp-development\php_win32ps\php_win32ps\php_win32ps\x64\release\vc.nativecodeanalysis.all.xml
e:\bearsampp-development\php_win32ps\php_win32ps\php_win32ps\x64\release\php_win32ps.tlog\cl.command.1.tlog
e:\bearsampp-development\php_win32ps\php_win32ps\php_win32ps\x64\release\php_win32ps.tlog\cl.items.tlog
e:\bearsampp-development\php_win32ps\php_win32ps\php_win32ps\x64\release\php_win32ps.tlog\cl.read.1.tlog
e:\bearsampp-development\php_win32ps\php_win32ps\php_win32ps\x64\release\php_win32ps.tlog\cl.write.1.tlog
e:\bearsampp-development\php_win32ps\php_win32ps\php_win32ps\x64\release\php_win32ps.tlog\link.command.1.tlog
e:\bearsampp-development\php_win32ps\php_win32ps\php_win32ps\x64\release\php_win32ps.tlog\link.read.1.tlog
e:\bearsampp-development\php_win32ps\php_win32ps\php_win32ps\x64\release\php_win32ps.tlog\link.secondary.1.tlog
e:\bearsampp-development\php_win32ps\php_win32ps\php_win32ps\x64\release\php_win32ps.tlog\link.write.1.tlog
e:\bearsampp-development\php_win32ps\php_win32ps\php_win32ps\x64\release\php_win32ps.tlog\php_win32ps.read.1u.tlog
e:\bearsampp-development\php_win32ps\php_win32ps\php_win32ps\x64\release\php_win32ps.tlog\php_win32ps.write.1u.tlog
